[debug] [2025-08-25T13:21:49.950Z] ----------------------------------------------------------------------
[debug] [2025-08-25T13:21:49.952Z] Command:       C:\Program Files\nodejs\node.exe C:\Users\First\AppData\Roaming\npm\node_modules\firebase-tools\lib\bin\firebase.js init
[debug] [2025-08-25T13:21:49.953Z] CLI Version:   14.14.0
[debug] [2025-08-25T13:21:49.953Z] Platform:      win32
[debug] [2025-08-25T13:21:49.953Z] Node Version:  v22.18.0
[debug] [2025-08-25T13:21:49.953Z] Time:          Mon Aug 25 2025 20:21:49 GMT+0700 (Indochina Time)
[debug] [2025-08-25T13:21:49.953Z] ----------------------------------------------------------------------
[debug] 
[debug] [2025-08-25T13:21:49.958Z] > command requires scopes: ["email","openid","https://www.googleapis.com/auth/cloudplatformprojects.readonly","https://www.googleapis.com/auth/firebase","https://www.googleapis.com/auth/cloud-platform"]
[debug] [2025-08-25T13:21:49.958Z] > authorizing via signed-in user (first080852@gmail.com)
[info] 
     ######## #### ########  ######## ########     ###     ######  ########
     ##        ##  ##     ## ##       ##     ##  ##   ##  ##       ##
     ######    ##  ########  ######   ########  #########  ######  ######
     ##        ##  ##    ##  ##       ##     ## ##     ##       ## ##
     ##       #### ##     ## ######## ########  ##     ##  ######  ########

You're about to initialize a Firebase project in this directory:

  C:\xampp\htdocs\mywebsite

Before we get started, keep in mind:

  * You are currently outside your home directory

[info] 
=== Project Setup
[info] 
[info] First, let's associate this project directory with a Firebase project.
[info] You can create multiple project aliases by running firebase use --add, 
[info] but for now we'll just set up a default project.
[info] 
[info] i  If you want to create a project in a Google Cloud organization or folder, please use "firebase projects:create" instead, and return to this command when you've created the project. 
